ARM GAS  /var/folders/mx/xtmnkh9x46d2ktwbhj73try40000gn/T//ccxwfnIm.s 			page 1


   1              		.cpu cortex-m3
   2              		.eabi_attribute 20, 1
   3              		.eabi_attribute 21, 1
   4              		.eabi_attribute 23, 3
   5              		.eabi_attribute 24, 1
   6              		.eabi_attribute 25, 1
   7              		.eabi_attribute 26, 1
   8              		.eabi_attribute 30, 1
   9              		.eabi_attribute 34, 1
  10              		.eabi_attribute 18, 4
  11              		.file	"freertos.c"
  12              		.section	.rodata.str1.4,"aMS",%progbits,1
  13              		.align	2
  14              	.LC0:
  15 0000 64656661 		.ascii	"defaultTask\000"
  15      756C7454 
  15      61736B00 
  16              		.text
  17              	.Ltext0:
  18              		.cfi_sections	.debug_frame
  19              		.section	.text.StartDefaultTask,"ax",%progbits
  20              		.align	1
  21              		.global	StartDefaultTask
  22              		.arch armv7-m
  23              		.syntax unified
  24              		.thumb
  25              		.thumb_func
  26              		.fpu softvfp
  28              	StartDefaultTask:
  29              	.LFB72:
  30              		.file 1 "Core/Src/freertos.c"
   1:Core/Src/freertos.c **** /* USER CODE BEGIN Header */
   2:Core/Src/freertos.c **** /**
   3:Core/Src/freertos.c ****   ******************************************************************************
   4:Core/Src/freertos.c ****   * File Name          : freertos.c
   5:Core/Src/freertos.c ****   * Description        : Code for freertos applications
   6:Core/Src/freertos.c ****   ******************************************************************************
   7:Core/Src/freertos.c ****   * @attention
   8:Core/Src/freertos.c ****   *
   9:Core/Src/freertos.c ****   * Copyright (c) 2023 STMicroelectronics.
  10:Core/Src/freertos.c ****   * All rights reserved.
  11:Core/Src/freertos.c ****   *
  12:Core/Src/freertos.c ****   * This software is licensed under terms that can be found in the LICENSE file
  13:Core/Src/freertos.c ****   * in the root directory of this software component.
  14:Core/Src/freertos.c ****   * If no LICENSE file comes with this software, it is provided AS-IS.
  15:Core/Src/freertos.c ****   *
  16:Core/Src/freertos.c ****   ******************************************************************************
  17:Core/Src/freertos.c ****   */
  18:Core/Src/freertos.c **** /* USER CODE END Header */
  19:Core/Src/freertos.c **** 
  20:Core/Src/freertos.c **** /* Includes ------------------------------------------------------------------*/
  21:Core/Src/freertos.c **** #include "FreeRTOS.h"
  22:Core/Src/freertos.c **** #include "task.h"
  23:Core/Src/freertos.c **** #include "main.h"
  24:Core/Src/freertos.c **** #include "cmsis_os.h"
  25:Core/Src/freertos.c **** 
  26:Core/Src/freertos.c **** /* Private includes ----------------------------------------------------------*/
ARM GAS  /var/folders/mx/xtmnkh9x46d2ktwbhj73try40000gn/T//ccxwfnIm.s 			page 2


  27:Core/Src/freertos.c **** /* USER CODE BEGIN Includes */
  28:Core/Src/freertos.c **** 
  29:Core/Src/freertos.c **** /* USER CODE END Includes */
  30:Core/Src/freertos.c **** 
  31:Core/Src/freertos.c **** /* Private typedef -----------------------------------------------------------*/
  32:Core/Src/freertos.c **** /* USER CODE BEGIN PTD */
  33:Core/Src/freertos.c **** 
  34:Core/Src/freertos.c **** /* USER CODE END PTD */
  35:Core/Src/freertos.c **** 
  36:Core/Src/freertos.c **** /* Private define ------------------------------------------------------------*/
  37:Core/Src/freertos.c **** /* USER CODE BEGIN PD */
  38:Core/Src/freertos.c **** 
  39:Core/Src/freertos.c **** /* USER CODE END PD */
  40:Core/Src/freertos.c **** 
  41:Core/Src/freertos.c **** /* Private macro -------------------------------------------------------------*/
  42:Core/Src/freertos.c **** /* USER CODE BEGIN PM */
  43:Core/Src/freertos.c **** 
  44:Core/Src/freertos.c **** /* USER CODE END PM */
  45:Core/Src/freertos.c **** 
  46:Core/Src/freertos.c **** /* Private variables ---------------------------------------------------------*/
  47:Core/Src/freertos.c **** /* USER CODE BEGIN Variables */
  48:Core/Src/freertos.c **** 
  49:Core/Src/freertos.c **** /* USER CODE END Variables */
  50:Core/Src/freertos.c **** osThreadId defaultTaskHandle;
  51:Core/Src/freertos.c **** 
  52:Core/Src/freertos.c **** /* Private function prototypes -----------------------------------------------*/
  53:Core/Src/freertos.c **** /* USER CODE BEGIN FunctionPrototypes */
  54:Core/Src/freertos.c **** 
  55:Core/Src/freertos.c **** /* USER CODE END FunctionPrototypes */
  56:Core/Src/freertos.c **** 
  57:Core/Src/freertos.c **** void StartDefaultTask(void const * argument);
  58:Core/Src/freertos.c **** 
  59:Core/Src/freertos.c **** void MX_FREERTOS_Init(void); /* (MISRA C 2004 rule 8.1) */
  60:Core/Src/freertos.c **** 
  61:Core/Src/freertos.c **** /* GetIdleTaskMemory prototype (linked to static allocation support) */
  62:Core/Src/freertos.c **** void vApplicationGetIdleTaskMemory( StaticTask_t **ppxIdleTaskTCBBuffer, StackType_t **ppxIdleTaskS
  63:Core/Src/freertos.c **** 
  64:Core/Src/freertos.c **** /* USER CODE BEGIN GET_IDLE_TASK_MEMORY */
  65:Core/Src/freertos.c **** static StaticTask_t xIdleTaskTCBBuffer;
  66:Core/Src/freertos.c **** static StackType_t xIdleStack[configMINIMAL_STACK_SIZE];
  67:Core/Src/freertos.c **** 
  68:Core/Src/freertos.c **** void vApplicationGetIdleTaskMemory( StaticTask_t **ppxIdleTaskTCBBuffer, StackType_t **ppxIdleTaskS
  69:Core/Src/freertos.c **** {
  70:Core/Src/freertos.c ****   *ppxIdleTaskTCBBuffer = &xIdleTaskTCBBuffer;
  71:Core/Src/freertos.c ****   *ppxIdleTaskStackBuffer = &xIdleStack[0];
  72:Core/Src/freertos.c ****   *pulIdleTaskStackSize = configMINIMAL_STACK_SIZE;
  73:Core/Src/freertos.c ****   /* place for user code */
  74:Core/Src/freertos.c **** }
  75:Core/Src/freertos.c **** /* USER CODE END GET_IDLE_TASK_MEMORY */
  76:Core/Src/freertos.c **** 
  77:Core/Src/freertos.c **** /**
  78:Core/Src/freertos.c ****   * @brief  FreeRTOS initialization
  79:Core/Src/freertos.c ****   * @param  None
  80:Core/Src/freertos.c ****   * @retval None
  81:Core/Src/freertos.c ****   */
  82:Core/Src/freertos.c **** void MX_FREERTOS_Init(void) {
  83:Core/Src/freertos.c ****   /* USER CODE BEGIN Init */
ARM GAS  /var/folders/mx/xtmnkh9x46d2ktwbhj73try40000gn/T//ccxwfnIm.s 			page 3


  84:Core/Src/freertos.c **** 
  85:Core/Src/freertos.c ****   /* USER CODE END Init */
  86:Core/Src/freertos.c **** 
  87:Core/Src/freertos.c ****   /* USER CODE BEGIN RTOS_MUTEX */
  88:Core/Src/freertos.c ****   /* add mutexes, ... */
  89:Core/Src/freertos.c ****   /* USER CODE END RTOS_MUTEX */
  90:Core/Src/freertos.c **** 
  91:Core/Src/freertos.c ****   /* USER CODE BEGIN RTOS_SEMAPHORES */
  92:Core/Src/freertos.c ****   /* add semaphores, ... */
  93:Core/Src/freertos.c ****   /* USER CODE END RTOS_SEMAPHORES */
  94:Core/Src/freertos.c **** 
  95:Core/Src/freertos.c ****   /* USER CODE BEGIN RTOS_TIMERS */
  96:Core/Src/freertos.c ****   /* start timers, add new ones, ... */
  97:Core/Src/freertos.c ****   /* USER CODE END RTOS_TIMERS */
  98:Core/Src/freertos.c **** 
  99:Core/Src/freertos.c ****   /* USER CODE BEGIN RTOS_QUEUES */
 100:Core/Src/freertos.c ****   /* add queues, ... */
 101:Core/Src/freertos.c ****   /* USER CODE END RTOS_QUEUES */
 102:Core/Src/freertos.c **** 
 103:Core/Src/freertos.c ****   /* Create the thread(s) */
 104:Core/Src/freertos.c ****   /* definition and creation of defaultTask */
 105:Core/Src/freertos.c ****   osThreadDef(defaultTask, StartDefaultTask, osPriorityNormal, 0, 128);
 106:Core/Src/freertos.c ****   defaultTaskHandle = osThreadCreate(osThread(defaultTask), NULL);
 107:Core/Src/freertos.c **** 
 108:Core/Src/freertos.c ****   /* USER CODE BEGIN RTOS_THREADS */
 109:Core/Src/freertos.c ****   /* add threads, ... */
 110:Core/Src/freertos.c ****   /* USER CODE END RTOS_THREADS */
 111:Core/Src/freertos.c **** 
 112:Core/Src/freertos.c **** }
 113:Core/Src/freertos.c **** 
 114:Core/Src/freertos.c **** /* USER CODE BEGIN Header_StartDefaultTask */
 115:Core/Src/freertos.c **** /**
 116:Core/Src/freertos.c ****   * @brief  Function implementing the defaultTask thread.
 117:Core/Src/freertos.c ****   * @param  argument: Not used
 118:Core/Src/freertos.c ****   * @retval None
 119:Core/Src/freertos.c ****   */
 120:Core/Src/freertos.c **** /* USER CODE END Header_StartDefaultTask */
 121:Core/Src/freertos.c **** void StartDefaultTask(void const * argument)
 122:Core/Src/freertos.c **** {
  31              		.loc 1 122 1 view -0
  32              		.cfi_startproc
  33              		@ Volatile: function does not return.
  34              		@ args = 0, pretend = 0, frame = 0
  35              		@ frame_needed = 0, uses_anonymous_args = 0
  36              	.LVL0:
  37              		.loc 1 122 1 is_stmt 0 view .LVU1
  38 0000 08B5     		push	{r3, lr}
  39              	.LCFI0:
  40              		.cfi_def_cfa_offset 8
  41              		.cfi_offset 3, -8
  42              		.cfi_offset 14, -4
  43              	.LVL1:
  44              	.L2:
 123:Core/Src/freertos.c ****   /* USER CODE BEGIN StartDefaultTask */
 124:Core/Src/freertos.c ****   /* Infinite loop */
 125:Core/Src/freertos.c ****   for(;;)
  45              		.loc 1 125 3 is_stmt 1 discriminator 1 view .LVU2
ARM GAS  /var/folders/mx/xtmnkh9x46d2ktwbhj73try40000gn/T//ccxwfnIm.s 			page 4


 126:Core/Src/freertos.c ****   {
 127:Core/Src/freertos.c ****     osDelay(1);
  46              		.loc 1 127 5 discriminator 1 view .LVU3
  47 0002 0120     		movs	r0, #1
  48 0004 FFF7FEFF 		bl	osDelay
  49              	.LVL2:
 125:Core/Src/freertos.c ****   {
  50              		.loc 1 125 8 discriminator 1 view .LVU4
  51 0008 FBE7     		b	.L2
  52              		.cfi_endproc
  53              	.LFE72:
  55              		.section	.text.vApplicationGetIdleTaskMemory,"ax",%progbits
  56              		.align	1
  57              		.global	vApplicationGetIdleTaskMemory
  58              		.syntax unified
  59              		.thumb
  60              		.thumb_func
  61              		.fpu softvfp
  63              	vApplicationGetIdleTaskMemory:
  64              	.LVL3:
  65              	.LFB70:
  69:Core/Src/freertos.c ****   *ppxIdleTaskTCBBuffer = &xIdleTaskTCBBuffer;
  66              		.loc 1 69 1 view -0
  67              		.cfi_startproc
  68              		@ args = 0, pretend = 0, frame = 0
  69              		@ frame_needed = 0, uses_anonymous_args = 0
  70              		@ link register save eliminated.
  70:Core/Src/freertos.c ****   *ppxIdleTaskStackBuffer = &xIdleStack[0];
  71              		.loc 1 70 3 view .LVU6
  70:Core/Src/freertos.c ****   *ppxIdleTaskStackBuffer = &xIdleStack[0];
  72              		.loc 1 70 25 is_stmt 0 view .LVU7
  73 0000 034B     		ldr	r3, .L5
  74 0002 0360     		str	r3, [r0]
  71:Core/Src/freertos.c ****   *pulIdleTaskStackSize = configMINIMAL_STACK_SIZE;
  75              		.loc 1 71 3 is_stmt 1 view .LVU8
  71:Core/Src/freertos.c ****   *pulIdleTaskStackSize = configMINIMAL_STACK_SIZE;
  76              		.loc 1 71 27 is_stmt 0 view .LVU9
  77 0004 034B     		ldr	r3, .L5+4
  78 0006 0B60     		str	r3, [r1]
  72:Core/Src/freertos.c ****   /* place for user code */
  79              		.loc 1 72 3 is_stmt 1 view .LVU10
  72:Core/Src/freertos.c ****   /* place for user code */
  80              		.loc 1 72 25 is_stmt 0 view .LVU11
  81 0008 8023     		movs	r3, #128
  82 000a 1360     		str	r3, [r2]
  74:Core/Src/freertos.c **** /* USER CODE END GET_IDLE_TASK_MEMORY */
  83              		.loc 1 74 1 view .LVU12
  84 000c 7047     		bx	lr
  85              	.L6:
  86 000e 00BF     		.align	2
  87              	.L5:
  88 0010 00000000 		.word	.LANCHOR0
  89 0014 00000000 		.word	.LANCHOR1
  90              		.cfi_endproc
  91              	.LFE70:
  93              		.section	.text.MX_FREERTOS_Init,"ax",%progbits
  94              		.align	1
ARM GAS  /var/folders/mx/xtmnkh9x46d2ktwbhj73try40000gn/T//ccxwfnIm.s 			page 5


  95              		.global	MX_FREERTOS_Init
  96              		.syntax unified
  97              		.thumb
  98              		.thumb_func
  99              		.fpu softvfp
 101              	MX_FREERTOS_Init:
 102              	.LFB71:
  82:Core/Src/freertos.c ****   /* USER CODE BEGIN Init */
 103              		.loc 1 82 29 is_stmt 1 view -0
 104              		.cfi_startproc
 105              		@ args = 0, pretend = 0, frame = 32
 106              		@ frame_needed = 0, uses_anonymous_args = 0
 107 0000 30B5     		push	{r4, r5, lr}
 108              	.LCFI1:
 109              		.cfi_def_cfa_offset 12
 110              		.cfi_offset 4, -12
 111              		.cfi_offset 5, -8
 112              		.cfi_offset 14, -4
 113 0002 89B0     		sub	sp, sp, #36
 114              	.LCFI2:
 115              		.cfi_def_cfa_offset 48
 105:Core/Src/freertos.c ****   defaultTaskHandle = osThreadCreate(osThread(defaultTask), NULL);
 116              		.loc 1 105 3 view .LVU14
 117 0004 01AC     		add	r4, sp, #4
 118 0006 074D     		ldr	r5, .L9
 119 0008 0FCD     		ldmia	r5!, {r0, r1, r2, r3}
 120 000a 0FC4     		stmia	r4!, {r0, r1, r2, r3}
 121 000c 95E80700 		ldm	r5, {r0, r1, r2}
 122 0010 84E80700 		stm	r4, {r0, r1, r2}
 106:Core/Src/freertos.c **** 
 123              		.loc 1 106 3 view .LVU15
 106:Core/Src/freertos.c **** 
 124              		.loc 1 106 23 is_stmt 0 view .LVU16
 125 0014 0021     		movs	r1, #0
 126 0016 01A8     		add	r0, sp, #4
 127 0018 FFF7FEFF 		bl	osThreadCreate
 128              	.LVL4:
 106:Core/Src/freertos.c **** 
 129              		.loc 1 106 21 view .LVU17
 130 001c 024B     		ldr	r3, .L9+4
 131 001e 1860     		str	r0, [r3]
 112:Core/Src/freertos.c **** 
 132              		.loc 1 112 1 view .LVU18
 133 0020 09B0     		add	sp, sp, #36
 134              	.LCFI3:
 135              		.cfi_def_cfa_offset 12
 136              		@ sp needed
 137 0022 30BD     		pop	{r4, r5, pc}
 138              	.L10:
 139              		.align	2
 140              	.L9:
 141 0024 00000000 		.word	.LANCHOR2
 142 0028 00000000 		.word	defaultTaskHandle
 143              		.cfi_endproc
 144              	.LFE71:
 146              		.comm	defaultTaskHandle,4,4
 147              		.section	.rodata
ARM GAS  /var/folders/mx/xtmnkh9x46d2ktwbhj73try40000gn/T//ccxwfnIm.s 			page 6


 148              		.align	2
 149              		.set	.LANCHOR2,. + 0
 150              	.LC2:
 151 0000 00000000 		.word	.LC0
 152 0004 00000000 		.word	StartDefaultTask
 153 0008 0000     		.short	0
 154 000a 0000     		.space	2
 155 000c 00000000 		.word	0
 156 0010 80000000 		.word	128
 157 0014 00000000 		.word	0
 158 0018 00000000 		.word	0
 159              		.section	.bss.xIdleStack,"aw",%nobits
 160              		.align	2
 161              		.set	.LANCHOR1,. + 0
 164              	xIdleStack:
 165 0000 00000000 		.space	512
 165      00000000 
 165      00000000 
 165      00000000 
 165      00000000 
 166              		.section	.bss.xIdleTaskTCBBuffer,"aw",%nobits
 167              		.align	2
 168              		.set	.LANCHOR0,. + 0
 171              	xIdleTaskTCBBuffer:
 172 0000 00000000 		.space	84
 172      00000000 
 172      00000000 
 172      00000000 
 172      00000000 
 173              		.text
 174              	.Letext0:
 175              		.file 2 "/opt/gcc-arm-none-eabi-9-2020-q2-update/arm-none-eabi/include/machine/_default_types.h"
 176              		.file 3 "/opt/gcc-arm-none-eabi-9-2020-q2-update/arm-none-eabi/include/sys/_stdint.h"
 177              		.file 4 "Middlewares/Third_Party/FreeRTOS/Source/portable/GCC/ARM_CM3/portmacro.h"
 178              		.file 5 "Middlewares/Third_Party/FreeRTOS/Source/include/FreeRTOS.h"
 179              		.file 6 "Middlewares/Third_Party/FreeRTOS/Source/include/task.h"
 180              		.file 7 "Core/Inc/FreeRTOSConfig.h"
 181              		.file 8 "Drivers/CMSIS/Include/core_cm3.h"
 182              		.file 9 "Drivers/CMSIS/Device/ST/STM32F1xx/Include/system_stm32f1xx.h"
 183              		.file 10 "Drivers/STM32F1xx_HAL_Driver/Inc/stm32f1xx_hal.h"
 184              		.file 11 "Middlewares/Third_Party/FreeRTOS/Source/CMSIS_RTOS/cmsis_os.h"
ARM GAS  /var/folders/mx/xtmnkh9x46d2ktwbhj73try40000gn/T//ccxwfnIm.s 			page 7


DEFINED SYMBOLS
                            *ABS*:0000000000000000 freertos.c
/var/folders/mx/xtmnkh9x46d2ktwbhj73try40000gn/T//ccxwfnIm.s:13     .rodata.str1.4:0000000000000000 $d
/var/folders/mx/xtmnkh9x46d2ktwbhj73try40000gn/T//ccxwfnIm.s:20     .text.StartDefaultTask:0000000000000000 $t
/var/folders/mx/xtmnkh9x46d2ktwbhj73try40000gn/T//ccxwfnIm.s:28     .text.StartDefaultTask:0000000000000000 StartDefaultTask
/var/folders/mx/xtmnkh9x46d2ktwbhj73try40000gn/T//ccxwfnIm.s:56     .text.vApplicationGetIdleTaskMemory:0000000000000000 $t
/var/folders/mx/xtmnkh9x46d2ktwbhj73try40000gn/T//ccxwfnIm.s:63     .text.vApplicationGetIdleTaskMemory:0000000000000000 vApplicationGetIdleTaskMemory
/var/folders/mx/xtmnkh9x46d2ktwbhj73try40000gn/T//ccxwfnIm.s:88     .text.vApplicationGetIdleTaskMemory:0000000000000010 $d
/var/folders/mx/xtmnkh9x46d2ktwbhj73try40000gn/T//ccxwfnIm.s:94     .text.MX_FREERTOS_Init:0000000000000000 $t
/var/folders/mx/xtmnkh9x46d2ktwbhj73try40000gn/T//ccxwfnIm.s:101    .text.MX_FREERTOS_Init:0000000000000000 MX_FREERTOS_Init
/var/folders/mx/xtmnkh9x46d2ktwbhj73try40000gn/T//ccxwfnIm.s:141    .text.MX_FREERTOS_Init:0000000000000024 $d
                            *COM*:0000000000000004 defaultTaskHandle
/var/folders/mx/xtmnkh9x46d2ktwbhj73try40000gn/T//ccxwfnIm.s:148    .rodata:0000000000000000 $d
/var/folders/mx/xtmnkh9x46d2ktwbhj73try40000gn/T//ccxwfnIm.s:160    .bss.xIdleStack:0000000000000000 $d
/var/folders/mx/xtmnkh9x46d2ktwbhj73try40000gn/T//ccxwfnIm.s:164    .bss.xIdleStack:0000000000000000 xIdleStack
/var/folders/mx/xtmnkh9x46d2ktwbhj73try40000gn/T//ccxwfnIm.s:167    .bss.xIdleTaskTCBBuffer:0000000000000000 $d
/var/folders/mx/xtmnkh9x46d2ktwbhj73try40000gn/T//ccxwfnIm.s:171    .bss.xIdleTaskTCBBuffer:0000000000000000 xIdleTaskTCBBuffer

UNDEFINED SYMBOLS
osDelay
osThreadCreate
